{
  "0 debug pnpm:scope": {
    "selected": 1
  },
  "1 error pnpm": {
    "errno": 1,
    "code": "ELIFECYCLE",
    "pkgid": "test_rpg_sim@0.0.0",
    "stage": "dev",
    "script": "vite",
    "pkgname": "test_rpg_sim",
    "err": {
      "name": "Error",
      "message": "test_rpg_sim@0.0.0 dev: `vite`\nExit status 1",
      "code": "ELIFECYCLE",
      "stack": "Error: test_rpg_sim@0.0.0 dev: `vite`\nExit status 1\n    at EventEmitter.<anonymous> (C:\\Users\\tylod\\AppData\\Roaming\\npm\\node_modules\\pnpm\\dist\\pnpm.cjs:104777:20)\n    at EventEmitter.emit (node:events:394:28)\n    at ChildProcess.<anonymous> (C:\\Users\\tylod\\AppData\\Roaming\\npm\\node_modules\\pnpm\\dist\\pnpm.cjs:92553:18)\n    at ChildProcess.emit (node:events:394:28)\n    at maybeClose (node:internal/child_process:1064:16)\n    at Process.ChildProcess._handle.onexit (node:internal/child_process:301:5)"
    }
  },
  "2 warn pnpm:global": " Local package.json exists, but node_modules missing, did you mean to install?"
}